<?xml version="1.0" encoding="UTF-8"?>
<testng-results ignored="0" total="1" passed="1" failed="0" skipped="0">
  <reporter-output>
  </reporter-output>
  <suite started-at="2020-07-11T05:47:32Z" name="Default suite" finished-at="2020-07-11T05:47:52Z" duration-ms="19666">
    <groups>
      <group name="cucumber">
        <method signature="AbstractTestNGCucumberTests.feature(cucumber.api.testng.CucumberFeatureWrapper)[pri:0, instance:CucumberDemo.CucumberDemo.TestRun@44a59da3]" name="feature" class="cucumber.api.testng.AbstractTestNGCucumberTests"/>
      </group> <!-- cucumber -->
    </groups>
    <test started-at="2020-07-11T05:47:32Z" name="Default test" finished-at="2020-07-11T05:47:52Z" duration-ms="19666">
      <class name="CucumberDemo.CucumberDemo.TestRun">
        <test-method is-config="true" signature="setUpClass()[pri:0, instance:CucumberDemo.CucumberDemo.TestRun@44a59da3]" started-at="2020-07-11T05:47:32Z" name="setUpClass" finished-at="2020-07-11T05:47:32Z" duration-ms="165" status="PASS">
          <reporter-output>
          </reporter-output>
        </test-method> <!-- setUpClass -->
        <test-method signature="feature(cucumber.api.testng.CucumberFeatureWrapper)[pri:0, instance:CucumberDemo.CucumberDemo.TestRun@44a59da3]" started-at="2020-07-11T05:47:32Z" name="feature" description="Runs Cucumber Feature" data-provider="features" finished-at="2020-07-11T05:47:51Z" duration-ms="19370" status="PASS">
          <params>
            <param index="0">
              <value>
                <![CDATA[Login]]>
              </value>
            </param>
          </params>
          <reporter-output>
          </reporter-output>
        </test-method> <!-- feature -->
        <test-method is-config="true" signature="tearDownClass()[pri:0, instance:CucumberDemo.CucumberDemo.TestRun@44a59da3]" started-at="2020-07-11T05:47:51Z" name="tearDownClass" finished-at="2020-07-11T05:47:52Z" duration-ms="46" status="PASS">
          <reporter-output>
          </reporter-output>
        </test-method> <!-- tearDownClass -->
      </class> <!-- CucumberDemo.CucumberDemo.TestRun -->
    </test> <!-- Default test -->
  </suite> <!-- Default suite -->
</testng-results>
